0 0.23357688 0.0365039 56.92822887639331 0.17816153 0.0034711503 77.13394165039062  0.16 
1 0.14026816 0.021212077 80.76288502687102 0.11625568 0.0063207136 78.29360961914062  0.15 
2 0.10079339 0.0065141767 81.26415082603503 0.10557515 0.0067996415 79.4921875  0.14 
3 0.09220452 0.005309842 82.80472482085987 0.09618339 0.006467797 81.38198852539062  0.14 
4 0.085042484 0.005876981 84.04688744028662 0.08951324 0.0062240814 82.6324462890625  0.13 
5 0.078675196 0.0050090305 85.48148574343153 0.08401249 0.0053506573 84.39407348632812  0.12 
6 0.07358578 0.004598335 86.72535890226911 0.07960325 0.0052058427 85.59112548828125  0.11 
7 0.07023624 0.004490451 87.63824268511146 0.075550504 0.0045088422 86.50283813476562  0.11 
8 0.06733147 0.0042355545 88.09379043093153 0.07145488 0.0039420254 87.13531494140625  0.1 
9 0.06623943 0.0042171725 88.134376866043 0.07411102 0.005704347 86.70578002929688  0.09 
10 0.06548166 0.0039547225 88.13025602109873 0.07048805 0.0036283196 87.52899169921875  0.09 
11 0.064328514 0.004136755 88.44250721536625 0.07098509 0.003737329 87.36343383789062  0.08 
12 0.06334987 0.0044396487 88.68128296675955 0.07029642 0.0031548915 87.67471313476562  0.07 
13 0.06229358 0.004080187 88.94975990246816 0.0695433 0.0035928148 87.82501220703125  0.06 
14 0.06141303 0.003942197 89.12050283638536 0.0664201 0.0044352002 88.16299438476562  0.05 
15 0.061182592 0.0037346827 89.18021621218153 0.067856744 0.0040596593 88.25302124023438  0.04 
16 0.060658474 0.003585879 89.30524109275478 0.06637302 0.0047826567 88.47427368164062  0.03 
17 0.0595483 0.0036843389 89.50000933021497 0.0674218 0.0048859515 88.2354736328125  0.02 
18 0.059481543 0.0036089951 89.50257513933121 0.064448826 0.003924453 89.03732299804688  0.02 
19 0.058903504 0.0039340123 89.61368244924363 0.06376934 0.004812031 89.00222778320312  0.01 
