best model
epoch = 25

TRAINING result

loss_mean = 0.038858976
loss_std  = 0.008024076


accuracy   = 86.809 [%]
hit_count  = 43446
miss_count = 6602

class_accuracy = 99.99%   67.638%   99.99%   67.27%   99.204%   


confusion_matrix = 
       10045        2199           0           0           0
           0        6684           0           0           0
           0         998        9915        1077           0
           0           0           0        6838          79
           0           0           0        2249        9964





TESTING result

loss_mean = 0.036048803
loss_std  = 0.008012352


accuracy   = 88.291 [%]
hit_count  = 4464
miss_count = 592

class_accuracy = 99.909%   69.316%   99.906%   70.704%   99.258%   


confusion_matrix = 
        1096         212           0           0           0
           0         689           0           0           0
           0          92        1059          80           0
           0           0           0         683           6
           0           0           0         202         937

