0 0.15165178 0.03916496 45.4363810741688 0.10497963 0.009837216 60.04746835443038  0.04 
1 0.08624075 0.0131276455 71.32352941176471 0.0695471 0.009567212 83.86075949367088  0.04 
2 0.060273148 0.010012861 84.53684462915601 0.049493253 0.0067867325 86.1748417721519  0.04 
3 0.047670398 0.008051438 86.14729859335038 0.045361497 0.007902366 86.80775316455696  0.04 
4 0.0443697 0.008041088 86.55890345268543 0.043390952 0.008014875 87.04509493670886  0.04 
5 0.043195643 0.007999182 86.58487851662404 0.042001184 0.007553808 87.18354430379746  0.03 
6 0.042692017 0.008631768 86.52293797953965 0.04100227 0.008288432 87.75712025316456  0.03 
7 0.041677628 0.008351147 86.8366368286445 0.04013504 0.008274511 87.7373417721519  0.03 
8 0.041184407 0.007924634 86.87260230179028 0.03965267 0.0076685534 87.46044303797468  0.03 
9 0.040863443 0.0077715865 86.89058503836317 0.04073029 0.008672709 87.04509493670886  0.03 
10 0.04056055 0.008185597 86.8366368286445 0.0385035 0.007939155 87.55933544303798  0.03 
11 0.040558323 0.00807238 86.76670396419438 0.04011005 0.008106256 87.18354430379746  0.03 
12 0.04009562 0.008547274 86.79667519181585 0.03930581 0.006893961 86.98575949367088  0.03 
13 0.03915514 0.007949935 87.28021099744245 0.038225036 0.008017372 88.01424050632912  0.02 
14 0.039496172 0.007826804 87.1783088235294 0.039603353 0.008334124 86.94620253164557  0.02 
15 0.039553277 0.008233476 87.06441815856778 0.038106155 0.0067337384 87.91534810126582  0.02 
16 0.039230634 0.0076387944 87.12436061381074 0.0394882 0.008809564 87.14398734177215  0.02 
17 0.039237496 0.007955411 87.10038363171356 0.037613723 0.0069963913 87.51977848101266  0.02 
18 0.03902784 0.008024743 87.10637787723785 0.03866801 0.008642162 86.84731012658227  0.02 
19 0.038827963 0.008369821 87.0224584398977 0.037733577 0.008157623 87.77689873417721  0.02 
20 0.038586147 0.0084252525 87.11437020460357 0.03820712 0.008848401 87.22310126582279  0.02 
21 0.038741417 0.007785019 87.09039322250639 0.039114203 0.006974267 86.8868670886076  0.02 
22 0.038492285 0.00788554 87.10837595907928 0.03756692 0.00799617 87.44066455696202  0.01 
23 0.038783662 0.007848634 86.91656010230179 0.03827628 0.0077386526 87.06487341772151  0.01 
24 0.03849068 0.008079832 87.0164641943734 0.036235623 0.0069462373 88.09335443037975  0.01 
25 0.038858976 0.008024076 86.80866368286445 0.036048803 0.008012352 88.29113924050633  0.01 
26 0.038758386 0.007944353 86.76670396419438 0.03743104 0.008154412 87.8757911392405  0.01 
27 0.03829915 0.008205059 86.93853900255755 0.035898153 0.0076602744 87.99446202531645  0.01 
28 0.03798255 0.008010249 86.98649296675192 0.036467668 0.008633572 87.8757911392405  0.0 
29 0.037866972 0.008134185 87.15233375959079 0.039508365 0.007955882 86.33306962025317  0.0 
