0 0 0.0 1.044 0.0 0.0 0 0 0 
1000 5 16.707 -3.5 -0.417 0.0574 0 0 0 
2000 5 16.707 -39.25 -0.417 0.0574 0 0 0 
3000 7 45.509 -102.045 -1.223 0.1743 0 0 0 
4000 8 58.958 -170.436 -2.152 0.239 0 0 0 
5000 8 58.958 -228.637 -2.152 0.239 0 0 0 
6000 8 58.958 -267.604 -2.152 0.239 0 0 0 
7000 10 126.464 -318.736 -5.909 0.5051 0 0 0 
8000 10 126.464 -386.168 -5.909 0.5051 0 0 0 
9000 13 164.11 -415.595 -7.727 0.6669 0 0 0 
10000 15 173.657 -430.306 -7.988 0.6952 0 0 0 
11000 16 176.604 -505.581 -7.703 0.7142 0 0 0 
12000 17 210.652 -579.212 -10.339 0.8565 0 0 0 
13000 17 210.652 -622.435 -10.339 0.8565 0 0 0 
14000 19 231.316 -642.185 -11.213 0.941 0 0 0 
15000 19 231.316 -706.446 -11.213 0.941 0 0 0 
16000 22 266.364 -739.905 -12.484 1.0779 0 0 0 
17000 25 269.228 -764.028 -12.305 1.0902 0 0 0 
18000 26 277.423 -799.458 -12.481 1.1348 0 0 0 
19000 26 277.423 -811.991 -12.481 1.1348 0 0 0 
20000 28 308.884 -855.54 -13.03 1.2535 0 0 0 
21000 35 286.723 -874.672 -11.701 1.3276 0 0 0 
22000 36 289.788 -921.635 -11.865 1.436 0 0 0 
23000 38 307.064 -955.649 -12.781 1.8506 0 0 0 
24000 43 301.19 -860.984 -9.807 2.0412 0 0 0 
25000 52 270.26 -828.547 -7.437 2.0194 0 0 0 
26000 64 230.67 -816.587 -5.668 1.8829 0 0 0 
27000 75 201.853 -811.359 -4.501 1.8088 0 0 0 
28000 87 176.712 -791.718 -3.186 1.7272 0 0 0 
29000 90 172.753 -856.229 -3.074 1.7175 0 0 0 
30000 92 197.384 -853.947 -4.121 2.1488 0 0 0 
31000 94 206.394 -855.383 -4.232 2.3439 0 0 0 
32000 94 206.394 -825.944 -4.232 2.3439 0 0 0 
33000 95 243.426 -853.052 -3.896 2.9946 0 0 0 
34000 95 243.426 -866.897 -3.896 2.9946 0 0 0 
35000 95 243.426 -884.925 -3.896 2.9946 0 0 0 
36000 95 243.426 -850.927 -3.896 2.9946 0 0 0 
37000 95 243.426 -860.478 -3.896 2.9946 0 0 0 
38000 96 340.137 -887.864 -4.516 4.6604 0 0 0 
39000 96 340.137 -932.63 -4.516 4.6604 0 0 0 
40000 96 340.137 -985.605 -4.516 4.6604 0 0 0 
41000 98 388.151 -1002.41 -6.406 5.5029 0 0 0 
42000 100 391.445 -974.88 -6.072 5.6 0 0 0 
43000 100 391.445 -993.295 -6.072 5.6 0 0 0 
44000 100 391.445 -978.793 -6.072 5.6 0 0 0 
45000 103 421.02 -936.209 -5.285 6.1494 0 0 0 
46000 105 416.879 -929.816 -3.913 6.1104 0 0 0 
47000 107 430.759 -947.017 -4.393 6.3547 0 0 0 
48000 110 426.444 -980.635 -4.885 6.3463 0 0 0 
49000 112 427.908 -998.754 -5.215 6.4072 0 0 0 
50000 114 430.554 -997.947 -4.712 6.4751 0 0 0 
51000 117 426.936 -924.494 -3.093 6.4729 0 0 0 
52000 118 426.477 -918.055 -2.508 6.4703 0 0 0 
53000 122 425.484 -883.606 -1.87 6.5224 0 0 0 
54000 124 424.218 -879.787 -1.855 6.5157 0 0 0 
55000 127 418.381 -839.459 -0.781 6.4412 0 0 0 
56000 127 418.381 -836.017 -0.781 6.4412 0 0 0 
57000 128 449.674 -818.873 -0.767 6.9821 0 0 0 
58000 131 442.417 -762.637 0.074 6.898 0 0 0 
59000 135 429.032 -755.538 0.778 6.7082 0 0 0 
60000 138 426.147 -757.828 0.654 6.6625 0 0 0 
61000 140 426.819 -754.057 0.507 6.6981 0 0 0 
62000 144 414.045 -725.32 1.073 6.5304 0 0 0 
63000 147 408.261 -684.644 1.796 6.4491 0 0 0 
64000 151 396.294 -616.752 2.852 6.2783 0 0 0 
65000 155 387.679 -620.057 2.915 6.1396 0 0 0 
66000 158 380.969 -596.63 3.069 6.0449 0 0 0 
67000 160 376.685 -582.315 3.329 5.9999 0 0 0 
68000 163 382.582 -574.742 3.35 6.138 0 0 0 
69000 165 382.251 -597.494 3.251 6.1429 0 0 0 
70000 169 378.072 -590.813 2.417 6.0957 0 0 0 
71000 172 375.597 -567.85 2.942 6.0855 0 0 0 
72000 176 366.196 -532.384 3.253 5.9375 0 0 0 
73000 179 366.161 -552.42 2.833 5.9602 0 0 0 
74000 181 359.837 -510.45 3.034 5.8673 0 0 0 
75000 181 359.837 -583.554 3.034 5.8673 0 0 0 
76000 182 402.281 -595.731 1.383 6.6087 0 0 0 
77000 182 402.281 -554.259 1.383 6.6087 0 0 0 
78000 183 434.055 -569.157 2.183 7.1697 0 0 0 
79000 184 442.914 -589.041 1.785 7.3317 0 0 0 
80000 185 456.916 -629.5 1.115 7.5801 0 0 0 
81000 186 457.617 -683.845 0.386 7.5964 0 0 0 
82000 186 457.617 -741.585 0.386 7.5964 0 0 0 
83000 187 495.045 -762.496 -1.858 8.2337 0 0 0 
84000 187 495.045 -775.265 -1.858 8.2337 0 0 0 
85000 189 510.69 -801.194 -2.366 8.4679 0 0 0 
86000 189 510.69 -844.529 -2.366 8.4679 0 0 0 
87000 190 532.316 -825.51 -3.382 8.8165 0 0 0 
88000 190 532.316 -896.218 -3.382 8.8165 0 0 0 
89000 191 561.949 -946.581 -4.376 9.2968 0 0 0 
90000 191 561.949 -955.87 -4.376 9.2968 0 0 0 
91000 191 561.949 -1040.673 -4.376 9.2968 0 0 0 
92000 192 612.73 -1028.0 -7.372 10.1081 0 0 0 
93000 192 612.73 -994.441 -7.372 10.1081 0 0 0 
94000 192 612.73 -966.523 -7.372 10.1081 0 0 0 
95000 193 668.776 -982.695 -6.035 11.0046 0 0 0 
96000 193 668.776 -1067.099 -6.035 11.0046 0 0 0 
97000 193 668.776 -1126.416 -6.035 11.0046 0 0 0 
98000 194 711.22 -1174.498 -9.232 11.7136 0 0 0 
99000 194 711.22 -1183.043 -9.232 11.7136 0 0 0 
100000 194 711.22 -1238.001 -9.232 11.7136 0 0 0 
101000 195 749.576 -1196.245 -10.544 12.3323 0 0 0 
102000 196 773.364 -1190.063 -9.296 12.7378 0 0 0 
103000 196 773.364 -1180.978 -9.296 12.7378 0 0 0 
104000 196 773.364 -1244.126 -9.296 12.7378 0 0 0 
105000 198 797.93 -1224.723 -9.882 13.1226 0 0 0 
106000 200 788.669 -1242.738 -9.634 12.9721 0 0 0 
107000 201 778.515 -1202.259 -9.246 12.8051 0 0 0 
108000 205 747.943 -1143.089 -7.167 12.2929 0 0 0 
109000 207 727.814 -1121.476 -6.695 11.9583 0 0 0 
110000 211 703.229 -1103.752 -5.272 11.5344 0 0 0 
111000 214 681.313 -1064.897 -4.3 11.1901 0 0 0 
112000 218 649.436 -1038.255 -3.251 10.678 0 0 0 
113000 221 629.58 -1039.056 -3.067 10.3461 0 0 0 
114000 221 629.58 -1071.899 -3.067 10.3461 0 0 0 
115000 222 644.929 -1026.081 -3.708 10.5919 0 0 0 
116000 222 644.929 -993.467 -3.708 10.5919 0 0 0 
117000 224 667.729 -998.127 -2.097 10.9829 0 0 0 
118000 225 670.415 -993.277 -2.008 11.0316 0 0 0 
119000 227 661.542 -972.433 -1.338 10.8869 0 0 0 
120000 228 677.631 -977.792 -1.587 11.1476 0 0 0 
121000 231 658.316 -939.01 -0.66 10.8447 0 0 0 
122000 235 626.531 -892.931 0.292 10.3309 0 0 0 
123000 237 611.61 -871.644 0.288 10.0806 0 0 0 
124000 239 611.068 -824.287 0.911 10.0742 0 0 0 
125000 240 619.747 -820.975 1.436 10.2278 0 0 0 
126000 242 616.401 -768.324 2.191 10.1803 0 0 0 
127000 245 596.552 -727.165 3.173 9.8673 0 0 0 
128000 247 599.463 -760.07 2.543 9.9062 0 0 0 
129000 247 599.463 -754.799 2.543 9.9062 0 0 0 
130000 249 613.18 -770.637 2.123 10.151 0 0 0 
131000 250 610.437 -766.23 2.056 10.1007 0 0 0 
132000 250 610.437 -811.197 2.056 10.1007 0 0 0 
133000 252 631.839 -828.88 1.181 10.4725 0 0 0 
134000 254 621.649 -794.787 1.32 10.3138 0 0 0 
135000 256 615.597 -743.579 1.972 10.2388 0 0 0 
136000 259 606.305 -682.191 3.062 10.0966 0 0 0 
137000 263 581.83 -589.575 5.141 9.6994 0 0 0 
138000 268 545.439 -547.503 5.479 9.106 0 0 0 
139000 270 535.85 -492.456 6.12 8.9272 0 0 0 
140000 274 521.265 -461.465 6.474 8.6747 0 0 0 
141000 275 528.299 -468.259 6.003 8.7876 0 0 0 
142000 278 512.436 -427.649 6.533 8.5145 0 0 0 
143000 279 510.447 -439.888 6.59 8.4769 0 0 0 
144000 281 523.466 -429.528 5.788 8.7161 0 0 0 
145000 285 504.895 -380.834 6.567 8.3784 0 0 0 
146000 288 493.186 -382.532 6.265 8.1742 0 0 0 
147000 290 491.448 -359.701 6.083 8.1533 0 0 0 
148000 293 484.387 -338.075 6.362 8.0608 0 0 0 
149000 295 485.366 -297.978 7.067 8.0664 0 0 0 
150000 295 485.366 -321.631 7.067 8.0664 0 0 0 
151000 300 479.825 -272.328 6.973 7.9548 0 0 0 
152000 303 470.949 -207.961 8.025 7.8355 0 0 0 
153000 306 463.19 -220.068 7.125 7.7122 0 0 0 
154000 308 461.777 -178.954 7.276 7.6992 0 0 0 
155000 309 467.942 -171.383 7.562 7.8102 0 0 0 
156000 311 472.936 -154.475 7.316 7.8855 0 0 0 
157000 313 475.498 -74.197 8.774 7.9335 0 0 0 
158000 315 474.04 8.554 9.748 7.8809 0 0 0 
159000 319 455.905 72.931 10.501 7.5962 0 0 0 
160000 321 458.438 78.902 10.344 7.659 0 0 0 
161000 325 443.639 130.375 10.474 7.4153 0 0 0 
162000 329 429.38 168.805 10.543 7.1806 0 0 0 
163000 333 414.899 211.529 10.324 6.9533 0 0 0 
164000 337 405.493 217.564 9.975 6.7778 0 0 0 
165000 338 410.463 206.157 9.538 6.8742 0 0 0 
166000 341 405.817 261.576 9.726 6.8009 0 0 0 
167000 342 418.581 291.571 9.95 7.026 0 0 0 
168000 346 409.089 335.397 10.344 6.8862 0 0 0 
169000 349 406.11 327.26 9.719 6.8394 0 0 0 
170000 353 391.656 380.526 10.071 6.5768 0 0 0 
171000 357 381.514 437.88 10.204 6.4224 0 0 0 
172000 360 377.565 474.791 10.161 6.3553 0 0 0 
173000 362 384.322 470.186 9.899 6.4865 0 0 0 
174000 364 386.898 472.372 9.582 6.537 0 0 0 
175000 367 385.673 501.173 9.548 6.5087 0 0 0 
176000 369 389.71 508.61 9.174 6.5887 0 0 0 
177000 370 387.276 504.339 9.463 6.5432 0 0 0 
178000 371 410.07 529.655 9.302 6.9256 0 0 0 
179000 373 419.209 505.846 8.59 7.0711 0 0 0 
180000 376 412.644 525.149 8.359 6.957 0 0 0 
181000 380 399.624 582.507 8.809 6.701 0 0 0 
182000 381 396.031 564.56 8.783 6.6265 0 0 0 
183000 385 400.601 567.1 7.734 6.7215 0 0 0 
184000 388 397.202 602.106 8.004 6.6663 0 0 0 
185000 391 391.083 664.003 8.797 6.5719 0 0 0 
186000 395 383.328 657.895 8.034 6.4399 0 0 0 
187000 396 388.742 658.255 7.866 6.5286 0 0 0 
188000 398 395.976 667.795 7.966 6.6388 0 0 0 
189000 399 392.296 658.688 7.618 6.5854 0 0 0 
190000 401 406.958 630.822 6.996 6.85 0 0 0 
191000 403 415.859 656.763 6.703 7.0106 0 0 0 
192000 406 410.37 688.51 6.698 6.9194 0 0 0 
193000 410 398.322 747.755 7.428 6.7237 0 0 0 
194000 413 397.355 787.94 7.949 6.7113 0 0 0 
195000 413 397.355 791.969 7.949 6.7113 0 0 0 
196000 415 416.366 832.732 8.112 7.0445 0 0 0 
197000 415 416.366 814.503 8.112 7.0445 0 0 0 
198000 417 444.563 823.658 8.082 7.5331 0 0 0 
199000 419 444.084 852.252 8.277 7.5172 0 0 0 
200000 420 450.143 851.328 7.823 7.6194 0 0 0 
201000 423 448.356 888.36 8.2 7.5925 0 0 0 
202000 426 439.257 951.812 8.913 7.4321 0 0 0 
203000 430 426.54 1004.108 9.264 7.2163 0 0 0 
204000 432 425.868 1021.077 9.384 7.1944 0 0 0 
205000 433 427.451 1017.338 8.987 7.2029 0 0 0 
206000 436 434.104 1073.613 9.389 7.2681 0 0 0 
207000 438 429.011 1103.328 9.549 7.1726 0 0 0 
208000 441 430.733 1195.688 10.86 7.2018 0 0 0 
209000 443 427.438 1226.096 11.283 7.1481 0 0 0 
210000 443 427.438 1199.441 11.283 7.1481 0 0 0 
211000 444 463.529 1195.116 10.564 7.7499 0 0 0 
212000 447 453.472 1225.913 10.516 7.5702 0 0 0 
213000 450 451.284 1246.246 10.15 7.5382 0 0 0 
214000 453 439.952 1290.25 10.675 7.357 0 0 0 
215000 456 438.697 1335.142 10.781 7.3451 0 0 0 
216000 460 425.838 1387.354 11.109 7.1493 0 0 0 
217000 462 418.299 1382.08 11.072 7.0232 0 0 0 
218000 463 431.233 1403.102 10.223 7.2438 0 0 0 
219000 463 431.233 1436.412 10.223 7.2438 0 0 0 
220000 465 458.133 1400.103 9.933 7.7092 0 0 0 
221000 470 435.693 1469.629 10.453 7.3341 0 0 0 
222000 472 436.513 1480.882 10.193 7.3638 0 0 0 
223000 476 423.713 1538.074 10.587 7.1462 0 0 0 
224000 478 427.674 1576.352 11.015 7.2025 0 0 0 
225000 480 429.272 1632.318 11.467 7.258 0 0 0 
226000 484 413.462 1672.036 11.143 6.9907 0 0 0 
227000 486 416.819 1738.496 12.04 7.0311 0 0 0 
228000 489 409.142 1797.692 12.421 6.8926 0 0 0 
229000 492 410.649 1810.888 12.415 6.9131 0 0 0 
230000 496 398.613 1837.406 11.988 6.7032 0 0 0 
231000 499 393.541 1893.435 12.257 6.613 0 0 0 
232000 501 388.766 1884.15 12.311 6.5022 0 0 0 
233000 503 403.825 1900.425 11.6 6.7427 0 0 0 
234000 506 397.7 1944.458 11.539 6.6194 0 0 0 
235000 509 394.254 1999.877 12.0 6.5544 0 0 0 
236000 512 389.403 2034.184 11.898 6.4443 0 0 0 
237000 514 381.434 2089.011 11.884 6.3296 0 0 0 
238000 516 394.419 2104.282 12.459 6.5158 0 0 0 
239000 517 410.17 2080.747 11.708 6.7938 0 0 0 
240000 519 410.289 2111.413 11.936 6.7952 0 0 0 
241000 522 410.446 2166.349 12.254 6.7794 0 0 0 
242000 525 399.903 2213.517 12.447 6.6112 0 0 0 
243000 526 412.545 2246.624 12.517 6.8172 0 0 0 
244000 528 421.704 2224.214 12.177 6.9886 0 0 0 
245000 531 412.097 2247.036 11.929 6.8359 0 0 0 
246000 534 411.807 2260.369 11.273 6.8392 0 0 0 
247000 536 411.561 2240.818 10.51 6.8409 0 0 0 
248000 540 403.08 2287.413 10.608 6.6921 0 0 0 
249000 543 397.299 2317.881 10.384 6.6125 0 0 0 
250000 545 390.704 2386.067 10.518 6.506 0 0 0 
251000 548 397.06 2424.284 11.471 6.6269 0 0 0 
252000 551 395.463 2484.099 12.112 6.6163 0 0 0 
253000 553 400.275 2480.557 11.581 6.6963 0 0 0 
254000 555 404.276 2557.663 12.666 6.7565 0 0 0 
255000 557 405.769 2613.946 12.915 6.7827 0 0 0 
256000 562 388.288 2663.442 12.955 6.4904 0 0 0 
257000 563 384.542 2677.136 12.87 6.4217 0 0 0 
258000 565 392.706 2646.288 12.155 6.5717 0 0 0 
259000 569 392.576 2658.738 11.163 6.5816 0 0 0 
260000 572 383.703 2695.763 11.098 6.4393 0 0 0 
261000 576 376.939 2716.652 10.656 6.3343 0 0 0 
262000 580 366.987 2753.352 10.447 6.1798 0 0 0 
263000 583 361.576 2784.131 10.45 6.0867 0 0 0 
264000 586 362.309 2847.201 11.073 6.0993 0 0 0 
265000 590 353.954 2904.983 11.403 5.9647 0 0 0 
266000 594 344.724 2947.305 11.184 5.8081 0 0 0 
267000 598 341.757 2971.011 11.131 5.7586 0 0 0 
268000 600 338.735 3040.949 11.353 5.7082 0 0 0 
269000 604 337.415 3099.922 11.864 5.6743 0 0 0 
270000 607 337.25 3171.507 12.328 5.6774 0 0 0 
271000 609 338.685 3209.453 13.137 5.7072 0 0 0 
272000 611 345.5 3251.127 13.022 5.8302 0 0 0 
273000 616 335.965 3300.528 12.931 5.661 0 0 0 
274000 619 333.704 3363.194 13.459 5.6176 0 0 0 
275000 622 330.03 3404.003 13.291 5.549 0 0 0 
276000 622 330.03 3379.401 13.291 5.549 0 0 0 
277000 623 366.089 3360.543 12.596 6.1652 0 0 0 
278000 623 366.089 3382.723 12.596 6.1652 0 0 0 
279000 623 366.089 3396.291 12.596 6.1652 0 0 0 
280000 623 366.089 3382.47 12.596 6.1652 0 0 0 
281000 623 366.089 3367.147 12.596 6.1652 0 0 0 
282000 626 444.702 3399.657 12.489 7.4824 0 0 0 
283000 629 435.673 3453.718 12.865 7.337 0 0 0 
284000 629 435.673 3446.911 12.865 7.337 0 0 0 
285000 630 467.78 3409.052 11.635 7.8822 0 0 0 
286000 630 467.78 3371.12 11.635 7.8822 0 0 0 
287000 633 481.796 3383.854 10.578 8.0686 0 0 0 
288000 635 478.519 3449.545 11.216 8.0195 0 0 0 
289000 640 456.039 3484.019 11.042 7.6588 0 0 0 
290000 640 456.039 3448.864 11.042 7.6588 0 0 0 
291000 642 477.218 3393.1 8.822 8.0179 0 0 0 
292000 644 478.014 3402.369 8.629 8.0593 0 0 0 
293000 647 466.879 3465.817 9.277 7.8805 0 0 0 
294000 650 459.707 3473.343 8.757 7.7552 0 0 0 
295000 652 455.455 3522.056 9.208 7.6969 0 0 0 
296000 652 455.455 3446.928 9.208 7.6969 0 0 0 
297000 656 463.492 3466.175 7.9 7.8683 0 0 0 
298000 658 456.716 3447.395 7.644 7.7354 0 0 0 
299000 662 450.244 3474.954 7.05 7.6192 0 0 0 
300000 664 443.322 3480.427 7.442 7.4981 0 0 0 
301000 666 450.71 3461.866 6.203 7.6009 0 0 0 
302000 670 438.925 3493.016 6.401 7.4064 0 0 0 
303000 674 424.46 3545.103 6.961 7.149 0 0 0 
304000 677 419.031 3580.228 7.214 7.0615 0 0 0 
305000 679 418.849 3619.76 7.653 7.0646 0 0 0 
306000 683 404.224 3687.444 8.265 6.836 0 0 0 
307000 684 405.479 3647.171 8.114 6.8215 0 0 0 
308000 685 416.91 3595.057 7.144 6.9947 0 0 0 
309000 689 416.359 3619.246 6.343 6.992 0 0 0 
310000 691 419.428 3612.391 5.492 7.0332 0 0 0 
311000 694 413.914 3663.186 6.402 6.934 0 0 0 
312000 695 420.535 3730.638 6.893 7.0506 0 0 0 
313000 698 423.297 3749.448 7.569 7.0816 0 0 0 
314000 701 417.026 3795.219 7.938 6.9646 0 0 0 
315000 704 408.604 3853.336 8.725 6.8243 0 0 0 
316000 708 399.884 3916.732 9.197 6.6859 0 0 0 
317000 711 395.052 3980.385 9.848 6.603 0 0 0 
318000 715 386.243 4005.302 9.772 6.4525 0 0 0 
319000 717 387.387 4030.768 9.539 6.4676 0 0 0 
320000 721 376.971 4078.323 9.681 6.2672 0 0 0 
321000 725 369.292 4103.999 9.734 6.1302 0 0 0 
322000 729 361.328 4124.931 9.498 5.9923 0 0 0 
323000 731 360.786 4111.062 9.083 5.9807 0 0 0 
324000 734 364.004 4115.951 8.346 6.0436 0 0 0 
325000 737 358.346 4130.373 7.993 5.9538 0 0 0 
326000 741 352.792 4181.506 8.405 5.857 0 0 0 
327000 743 352.736 4227.474 8.306 5.8541 0 0 0 
328000 747 352.537 4247.317 8.902 5.8646 0 0 0 
329000 748 352.126 4252.531 8.84 5.8414 0 0 0 
330000 752 353.574 4266.702 8.017 5.8594 0 0 0 
331000 755 351.064 4312.454 8.902 5.8183 0 0 0 
332000 758 351.723 4365.058 9.104 5.821 0 0 0 
333000 760 356.488 4366.388 9.147 5.9019 0 0 0 
334000 763 356.637 4396.028 8.963 5.9088 0 0 0 
335000 767 346.989 4441.274 8.99 5.7596 0 0 0 
336000 772 336.056 4494.278 9.378 5.5546 0 0 0 
337000 776 329.626 4530.626 9.383 5.4334 0 0 0 
338000 778 324.638 4558.394 9.715 5.3678 0 0 0 
339000 782 328.393 4555.825 8.659 5.4404 0 0 0 
340000 784 327.676 4555.551 8.418 5.4248 0 0 0 
341000 787 335.078 4525.612 7.159 5.5365 0 0 0 
342000 791 328.867 4559.048 7.338 5.4534 0 0 0 
343000 792 344.15 4475.448 5.639 5.6821 0 0 0 
344000 795 338.952 4531.77 6.099 5.5897 0 0 0 
345000 799 336.121 4570.107 6.631 5.5361 0 0 0 
346000 802 331.259 4638.292 7.336 5.4634 0 0 0 
347000 805 332.885 4678.096 7.57 5.4848 0 0 0 
348000 808 332.409 4740.93 8.404 5.48 0 0 0 
349000 812 328.817 4805.077 9.267 5.4509 0 0 0 
350000 814 334.397 4800.987 8.684 5.5504 0 0 0 
351000 818 326.673 4804.623 8.207 5.4326 0 0 0 
352000 822 320.65 4829.659 7.851 5.3586 0 0 0 
353000 825 319.976 4880.666 8.437 5.3557 0 0 0 
354000 827 317.765 4877.051 8.346 5.308 0 0 0 
355000 831 323.884 4927.637 8.232 5.3999 0 0 0 
356000 835 317.846 4957.281 8.303 5.3034 0 0 0 
357000 839 314.413 4973.232 8.164 5.2693 0 0 0 
358000 841 317.267 5006.482 8.64 5.3199 0 0 0 
359000 845 314.861 5054.417 8.64 5.26 0 0 0 
360000 847 313.882 5060.557 8.806 5.2554 0 0 0 
361000 850 321.278 5135.575 9.125 5.3786 0 0 0 
362000 854 318.917 5197.876 9.99 5.3688 0 0 0 
363000 856 322.705 5179.893 9.429 5.4398 0 0 0 
364000 859 323.462 5209.201 9.207 5.4548 0 0 0 
365000 862 324.852 5213.417 8.64 5.4807 0 0 0 
366000 863 324.255 5164.126 8.584 5.4874 0 0 0 
367000 866 338.08 5152.419 6.751 5.7128 0 0 0 
368000 869 332.46 5245.197 7.578 5.6238 0 0 0 
369000 873 331.378 5245.331 7.552 5.5977 0 0 0 
370000 876 324.922 5258.449 7.706 5.4932 0 0 0 
371000 877 330.564 5230.053 7.287 5.5779 0 0 0 
372000 881 337.091 5271.599 6.917 5.6713 0 0 0 
373000 885 329.723 5296.928 6.872 5.5276 0 0 0 
374000 887 336.465 5275.211 5.977 5.6287 0 0 0 
375000 891 333.999 5339.273 7.217 5.5632 0 0 0 
376000 892 336.379 5303.23 6.937 5.6152 0 0 0 
377000 893 357.531 5244.848 4.76 5.9618 0 0 0 
378000 897 350.2 5274.087 5.064 5.8434 0 0 0 
379000 901 342.798 5309.324 5.452 5.7098 0 0 0 
380000 905 334.958 5345.13 5.586 5.5943 0 0 0 
381000 908 331.924 5367.474 5.922 5.551 0 0 0 
382000 912 328.309 5395.103 5.768 5.4933 0 0 0 
383000 915 325.366 5441.101 6.172 5.4313 0 0 0 
384000 916 340.679 5408.466 5.566 5.7057 0 0 0 
385000 921 330.657 5449.89 6.037 5.5483 0 0 0 
386000 923 333.142 5520.144 6.707 5.5993 0 0 0 
387000 926 331.945 5558.248 7.309 5.5898 0 0 0 
388000 928 334.597 5546.585 7.013 5.6257 0 0 0 
389000 932 335.344 5555.749 6.48 5.6126 0 0 0 
390000 935 336.462 5569.303 6.492 5.6391 0 0 0 
391000 938 333.957 5610.012 6.825 5.5821 0 0 0 
392000 941 330.072 5658.772 6.53 5.525 0 0 0 
393000 943 343.51 5622.949 6.563 5.7582 0 0 0 
394000 943 343.51 5551.648 6.563 5.7582 0 0 0 
395000 946 361.55 5566.06 5.062 6.0571 0 0 0 
396000 950 350.848 5601.719 5.107 5.8839 0 0 0 
397000 954 341.754 5651.459 5.523 5.7457 0 0 0 
398000 957 341.659 5693.136 6.234 5.7364 0 0 0 
399000 960 339.608 5691.428 6.093 5.6948 0 0 0 
400000 963 341.381 5696.677 5.569 5.724 0 0 0 
401000 966 339.304 5691.954 5.258 5.6754 0 0 0 
402000 968 347.585 5675.089 4.535 5.7943 0 0 0 
403000 971 344.296 5686.861 4.376 5.7244 0 0 0 
404000 975 338.907 5715.374 4.65 5.6447 0 0 0 
405000 978 338.669 5743.506 5.008 5.6483 0 0 0 
406000 980 339.618 5744.49 5.042 5.6655 0 0 0 
407000 984 339.403 5794.537 5.538 5.6533 0 0 0 
408000 988 332.954 5790.699 5.095 5.558 0 0 0 
409000 990 335.773 5834.879 5.414 5.6097 0 0 0 
410000 994 332.383 5891.944 6.402 5.5323 0 0 0 
411000 996 333.986 5904.039 6.15 5.5511 0 0 0 
412000 998 342.561 5964.854 7.433 5.7065 0 0 0 
413000 1002 334.696 5968.819 6.856 5.5631 0 0 0 
414000 1003 335.903 5921.807 6.475 5.5753 0 0 0 
415000 1006 349.02 5922.998 5.308 5.7755 0 0 0 
416000 1010 340.644 5992.905 6.155 5.6363 0 0 0 
417000 1010 340.644 6039.998 6.155 5.6363 0 0 0 
418000 1010 340.644 6040.148 6.155 5.6363 0 0 0 
419000 1011 392.211 5977.381 5.862 6.5184 0 0 0 
420000 1013 396.649 5950.098 4.934 6.5926 0 0 0 
421000 1017 387.549 5964.856 4.807 6.4251 0 0 0 
422000 1019 393.461 5993.733 5.438 6.5513 0 0 0 
423000 1021 395.52 6043.426 6.067 6.5937 0 0 0 
424000 1024 391.275 6025.762 5.446 6.5281 0 0 0 
425000 1026 389.138 6037.6 5.158 6.5067 0 0 0 
426000 1029 395.675 6043.677 5.402 6.6248 0 0 0 
427000 1031 388.523 6068.824 5.657 6.4933 0 0 0 
428000 1032 392.953 6063.882 5.527 6.578 0 0 0 
429000 1036 397.716 6116.639 5.973 6.6474 0 0 0 
430000 1037 402.661 6147.217 5.955 6.7405 0 0 0 
431000 1040 403.517 6155.515 6.372 6.7748 0 0 0 
432000 1041 405.486 6132.093 5.723 6.812 0 0 0 
433000 1045 404.267 6149.657 5.448 6.8033 0 0 0 
434000 1046 401.542 6119.128 5.701 6.7707 0 0 0 
435000 1048 413.704 6127.338 4.786 6.9548 0 0 0 
436000 1049 425.01 6136.621 4.487 7.1653 0 0 0 
437000 1052 426.333 6188.522 5.596 7.1484 0 0 0 
438000 1054 427.619 6195.427 5.451 7.1566 0 0 0 
439000 1056 431.198 6186.497 4.896 7.2103 0 0 0 
440000 1059 422.268 6189.743 4.771 7.0467 0 0 0 
441000 1063 414.191 6234.252 5.499 6.9136 0 0 0 
442000 1065 410.096 6219.132 5.253 6.8454 0 0 0 
443000 1068 412.753 6216.43 4.707 6.8941 0 0 0 
444000 1071 406.994 6232.261 4.584 6.8081 0 0 0 
445000 1075 394.019 6264.717 4.726 6.6024 0 0 0 
446000 1079 385.253 6288.922 5.13 6.4464 0 0 0 
447000 1082 381.573 6305.663 5.139 6.4004 0 0 0 
448000 1084 383.245 6324.975 5.223 6.4442 0 0 0 
449000 1085 385.02 6343.676 5.097 6.4776 0 0 0 
450000 1086 402.76 6350.83 5.573 6.7844 0 0 0 
451000 1089 405.755 6355.511 5.326 6.8548 0 0 0 
452000 1090 401.96 6356.366 5.476 6.7953 0 0 0 
453000 1094 401.691 6391.466 5.501 6.7808 0 0 0 
454000 1097 400.35 6427.685 5.809 6.7578 0 0 0 
455000 1098 398.943 6431.596 5.701 6.7356 0 0 0 
456000 1102 400.003 6446.131 5.493 6.7184 0 0 0 
457000 1106 389.224 6483.263 5.993 6.5143 0 0 0 
458000 1109 385.498 6495.16 5.838 6.4395 0 0 0 
459000 1111 390.362 6490.327 5.684 6.5279 0 0 0 
460000 1113 388.712 6513.41 5.68 6.496 0 0 0 
461000 1115 397.095 6508.828 5.271 6.6446 0 0 0 
462000 1116 401.813 6508.258 5.69 6.7044 0 0 0 
463000 1118 413.841 6473.768 4.393 6.9018 0 0 0 
464000 1121 410.47 6515.395 5.044 6.8431 0 0 0 
465000 1123 411.909 6566.389 5.717 6.8755 0 0 0 
466000 1125 418.163 6520.738 4.809 6.9941 0 0 0 
467000 1128 406.645 6571.948 5.282 6.8008 0 0 0 
468000 1131 403.479 6605.966 5.715 6.7567 0 0 0 
469000 1133 405.882 6625.581 5.686 6.8129 0 0 0 
470000 1136 403.551 6643.56 5.8 6.7704 0 0 0 
471000 1139 401.79 6711.939 6.847 6.7611 0 0 0 
472000 1142 395.381 6758.176 7.194 6.6632 0 0 0 
473000 1146 383.484 6779.306 7.021 6.4641 0 0 0 
474000 1147 388.654 6788.142 7.288 6.56 0 0 0 
475000 1150 395.552 6806.963 7.217 6.6895 0 0 0 
476000 1154 384.484 6830.8 7.225 6.5153 0 0 0 
477000 1155 394.814 6820.404 6.888 6.7083 0 0 0 
478000 1158 386.817 6888.126 7.194 6.5762 0 0 0 
479000 1161 389.467 6913.578 7.577 6.6171 0 0 0 
480000 1164 386.902 6943.851 7.903 6.5873 0 0 0 
481000 1166 381.201 7012.708 8.565 6.4844 0 0 0 
482000 1168 396.841 7014.089 8.741 6.7139 0 0 0 
483000 1170 393.014 7041.478 8.542 6.6602 0 0 0 
484000 1173 392.958 7078.522 8.711 6.6832 0 0 0 
485000 1177 384.609 7116.409 9.078 6.5161 0 0 0 
486000 1180 382.129 7160.446 9.349 6.4648 0 0 0 
487000 1182 381.203 7186.714 9.272 6.4563 0 0 0 
488000 1186 377.484 7259.433 10.354 6.4026 0 0 0 
489000 1189 374.383 7273.131 9.946 6.3352 0 0 0 
490000 1191 379.958 7265.736 9.46 6.4087 0 0 0 
491000 1194 377.42 7289.88 9.393 6.3745 0 0 0 
492000 1196 381.557 7295.077 9.253 6.4587 0 0 0 
493000 1199 377.312 7350.017 9.494 6.4126 0 0 0 
494000 1201 373.324 7381.194 9.643 6.3333 0 0 0 
495000 1201 373.324 7401.321 9.643 6.3333 0 0 0 
496000 1202 416.017 7394.675 9.936 7.0963 0 0 0 
497000 1204 418.762 7408.847 9.785 7.1453 0 0 0 
498000 1206 419.11 7467.811 10.455 7.1399 0 0 0 
499000 1210 404.153 7517.229 10.686 6.8706 0 0 0 
500000 1211 405.97 7528.611 10.577 6.9137 0 0 0 
501000 1212 431.591 7522.969 10.589 7.3528 0 0 0 
502000 1213 430.739 7511.518 10.272 7.3411 0 0 0 
503000 1216 433.916 7517.331 9.655 7.4006 0 0 0 
504000 1218 435.006 7537.722 9.054 7.4192 0 0 0 
505000 1219 443.266 7565.886 9.367 7.5319 0 0 0 
506000 1219 443.266 7604.504 9.367 7.5319 0 0 0 
507000 1221 465.105 7637.114 10.52 7.8712 0 0 0 
508000 1225 454.978 7678.19 10.785 7.6778 0 0 0 
509000 1225 454.978 7685.253 10.785 7.6778 0 0 0 
510000 1227 472.794 7725.608 11.126 7.9609 0 0 0 
511000 1231 460.663 7697.959 10.033 7.756 0 0 0 
512000 1235 443.699 7757.307 10.342 7.4569 0 0 0 
513000 1238 438.148 7823.322 11.101 7.3497 0 0 0 
514000 1240 441.553 7853.139 11.342 7.3896 0 0 0 
515000 1242 441.887 7879.901 11.246 7.3769 0 0 0 
516000 1245 428.632 7915.584 11.354 7.1528 0 0 0 
517000 1247 433.602 7967.295 11.584 7.2064 0 0 0 
518000 1250 434.386 7996.451 11.932 7.2153 0 0 0 
519000 1251 444.318 7961.908 10.877 7.3563 0 0 0 
520000 1255 430.505 8063.633 12.127 7.1176 0 0 0 
521000 1257 432.497 8092.716 12.171 7.1439 0 0 0 
522000 1261 418.042 8149.448 12.305 6.9087 0 0 0 
523000 1264 409.052 8201.807 12.322 6.7595 0 0 0 
524000 1267 406.787 8225.495 12.295 6.7228 0 0 0 
525000 1271 397.248 8256.558 12.077 6.5315 0 0 0 
526000 1273 392.628 8303.737 12.27 6.4659 0 0 0 
527000 1275 398.505 8331.735 11.814 6.5551 0 0 0 
528000 1275 398.505 8359.415 11.814 6.5551 0 0 0 
529000 1275 398.505 8329.729 11.814 6.5551 0 0 0 
530000 1277 446.389 8335.845 12.088 7.3252 0 0 0 
531000 1280 439.871 8353.387 11.705 7.201 0 0 0 
532000 1284 424.767 8414.867 11.922 6.9598 0 0 0 
533000 1287 417.96 8442.558 11.753 6.8378 0 0 0 
534000 1289 412.58 8459.265 11.907 6.7656 0 0 0 
535000 1290 433.428 8507.139 12.108 7.11 0 0 0 
536000 1293 430.57 8538.435 12.416 7.0564 0 0 0 
537000 1295 424.965 8586.829 12.515 6.9768 0 0 0 
538000 1297 430.548 8631.127 12.903 7.0761 0 0 0 
539000 1301 421.853 8688.496 13.37 6.9261 0 0 0 
540000 1303 425.374 8717.354 13.435 6.9689 0 0 0 
541000 1305 423.803 8727.528 13.12 6.9553 0 0 0 
542000 1307 427.155 8732.333 12.357 7.0316 0 0 0 
543000 1310 423.803 8772.1 12.512 6.9615 0 0 0 
544000 1312 415.369 8772.54 12.38 6.837 0 0 0 
545000 1315 422.681 8793.408 11.873 6.9726 0 0 0 
546000 1317 426.848 8787.472 11.414 7.0358 0 0 0 
547000 1318 426.191 8749.964 10.663 7.0437 0 0 0 
548000 1320 438.442 8724.805 9.286 7.2628 0 0 0 
549000 1322 436.342 8754.15 9.296 7.2229 0 0 0 
550000 1324 443.211 8757.512 9.16 7.3328 0 0 0 
551000 1327 438.544 8821.129 10.043 7.2543 0 0 0 
552000 1328 440.253 8868.013 10.269 7.2805 0 0 0 
553000 1329 460.828 8861.443 10.427 7.6394 0 0 0 
554000 1330 465.392 8871.746 10.319 7.7308 0 0 0 
555000 1332 471.928 8854.742 9.593 7.8699 0 0 0 
556000 1336 454.303 8912.95 9.956 7.5771 0 0 0 
557000 1339 447.928 8926.631 9.713 7.4804 0 0 0 
558000 1341 446.636 8955.283 9.87 7.4679 0 0 0 
559000 1344 444.364 8980.031 9.9 7.4627 0 0 0 
560000 1347 434.529 9062.103 10.702 7.3075 0 0 0 
561000 1348 433.039 9047.633 10.64 7.2726 0 0 0 
562000 1349 454.978 9068.349 10.355 7.6583 0 0 0 
563000 1349 454.978 9091.421 10.355 7.6583 0 0 0 
564000 1349 454.978 9139.712 10.355 7.6583 0 0 0 
565000 1350 506.318 9187.219 12.321 8.5189 0 0 0 
566000 1351 519.792 9216.026 13.063 8.7261 0 0 0 
567000 1355 499.617 9276.371 13.238 8.4126 0 0 0 
568000 1358 489.437 9313.575 13.122 8.2362 0 0 0 
569000 1358 489.437 9364.793 13.122 8.2362 0 0 0 
570000 1358 489.437 9402.127 13.122 8.2362 0 0 0 
571000 1358 489.437 9465.097 13.122 8.2362 0 0 0 
572000 1359 548.148 9512.459 16.443 9.2393 0 0 0 
573000 1359 548.148 9490.388 16.443 9.2393 0 0 0 
574000 1359 548.148 9520.028 16.443 9.2393 0 0 0 
575000 1361 591.876 9555.361 16.874 10.0031 0 0 0 
576000 1364 580.283 9647.615 17.795 9.8133 0 0 0 
577000 1366 570.458 9655.403 17.111 9.6539 0 0 0 
578000 1366 570.458 9671.042 17.111 9.6539 0 0 0 
579000 1368 595.249 9671.224 16.962 10.0767 0 0 0 
580000 1372 568.795 9720.746 16.661 9.6295 0 0 0 
581000 1372 568.795 9724.898 16.661 9.6295 0 0 0 
582000 1375 572.622 9751.988 16.015 9.6985 0 0 0 
583000 1376 567.17 9816.891 16.315 9.6105 0 0 0 
584000 1376 567.17 9862.003 16.315 9.6105 0 0 0 
585000 1377 604.786 9867.756 17.882 10.251 0 0 0 
586000 1380 587.03 9875.63 17.276 9.9525 0 0 0 
587000 1381 604.289 9871.318 16.68 10.255 0 0 0 
588000 1383 588.834 9855.109 16.364 9.9921 0 0 0 
589000 1385 595.533 9868.103 15.233 10.1092 0 0 0 
590000 1386 602.023 9919.398 15.819 10.2279 0 0 0 
591000 1389 587.184 9968.984 15.921 9.9736 0 0 0 
592000 1393 562.291 10007.808 15.546 9.5582 0 0 0 
593000 1396 549.206 10017.13 14.837 9.3382 0 0 0 
594000 1398 537.651 10070.21 15.162 9.1522 0 0 0 
595000 1399 539.098 10063.465 14.864 9.1663 0 0 0 
596000 1400 552.976 10040.508 14.265 9.4054 0 0 0 
597000 1404 537.666 10117.046 14.17 9.1456 0 0 0 
598000 1406 531.099 10152.824 14.083 9.0334 0 0 0 
599000 1407 537.257 10153.658 14.498 9.132 0 0 0 
600000 1408 555.532 10109.994 12.735 9.4306 0 0 0 
601000 1410 542.833 10099.202 13.137 9.2239 0 0 0 
602000 1410 542.833 10103.609 13.137 9.2239 0 0 0 
603000 1410 542.833 10095.46 13.137 9.2239 0 0 0 
604000 1412 582.605 10146.259 12.96 9.9064 0 0 0 
605000 1412 582.605 10148.044 12.96 9.9064 0 0 0 
606000 1412 582.605 10186.421 12.96 9.9064 0 0 0 
607000 1412 582.605 10239.07 12.96 9.9064 0 0 0 
608000 1414 646.707 10296.759 15.02 10.9984 0 0 0 
609000 1417 624.169 10319.791 15.274 10.6005 0 0 0 
610000 1420 613.938 10320.956 14.11 10.4179 0 0 0 
611000 1422 603.836 10377.757 13.907 10.2383 0 0 0 
612000 1424 599.579 10438.613 14.791 10.192 0 0 0 
613000 1425 594.707 10475.394 14.957 10.0835 0 0 0 
614000 1428 586.637 10486.692 15.187 9.9345 0 0 0 
615000 1430 593.742 10448.011 13.702 10.0713 0 0 0 
616000 1433 578.276 10486.751 13.63 9.7828 0 0 0 
617000 1436 561.248 10551.511 13.836 9.4937 0 0 0 
618000 1439 549.868 10578.779 13.754 9.2659 0 0 0 
619000 1441 545.745 10607.328 13.533 9.2022 0 0 0 
620000 1444 525.273 10689.322 14.287 8.8707 0 0 0 
621000 1444 525.273 10751.884 14.287 8.8707 0 0 0 
622000 1444 525.273 10779.8 14.287 8.8707 0 0 0 
623000 1444 525.273 10773.467 14.287 8.8707 0 0 0 
624000 1445 594.688 10790.58 16.263 10.0373 0 0 0 
625000 1448 590.07 10832.393 16.288 9.9594 0 0 0 
626000 1448 590.07 10870.872 16.288 9.9594 0 0 0 
627000 1450 596.031 10842.195 16.282 10.0674 0 0 0 
628000 1453 586.122 10898.324 15.907 9.8953 0 0 0 
629000 1454 596.8 10918.252 15.993 10.0962 0 0 0 
630000 1458 566.586 10967.309 15.537 9.5897 0 0 0 
631000 1459 579.854 10944.992 14.953 9.8169 0 0 0 
632000 1461 565.232 10990.089 14.765 9.563 0 0 0 
633000 1463 566.766 11070.876 15.468 9.592 0 0 0 
634000 1466 559.003 11129.768 16.144 9.4461 0 0 0 
635000 1471 526.155 11171.082 15.796 8.8961 0 0 0 
636000 1475 503.145 11212.833 15.215 8.4793 0 0 0 
637000 1476 499.262 11257.516 15.527 8.4009 0 0 0 
638000 1478 512.522 11267.279 15.479 8.6367 0 0 0 
639000 1480 501.976 11316.806 15.181 8.456 0 0 0 
640000 1480 501.976 11374.613 15.181 8.456 0 0 0 
641000 1480 501.976 11452.849 15.181 8.456 0 0 0 
642000 1480 501.976 11489.517 15.181 8.456 0 0 0 
643000 1481 583.016 11551.792 20.177 9.8195 0 0 0 
644000 1485 558.262 11627.069 20.22 9.4046 0 0 0 
645000 1486 562.217 11663.104 20.257 9.4719 0 0 0 
646000 1486 562.217 11723.999 20.257 9.4719 0 0 0 
647000 1487 583.332 11774.505 21.501 9.8354 0 0 0 
648000 1487 583.332 11836.804 21.501 9.8354 0 0 0 
649000 1488 618.146 11872.494 23.494 10.4068 0 0 0 
650000 1492 592.207 11939.448 23.03 9.957 0 0 0 
651000 1492 592.207 11989.893 23.03 9.957 0 0 0 
652000 1492 592.207 12057.555 23.03 9.957 0 0 0 
653000 1492 592.207 12081.783 23.03 9.957 0 0 0 
654000 1492 592.207 12130.162 23.03 9.957 0 0 0 
655000 1492 592.207 12128.315 23.03 9.957 0 0 0 
656000 1492 592.207 12146.798 23.03 9.957 0 0 0 
657000 1492 592.207 12189.2 23.03 9.957 0 0 0 
658000 1492 592.207 12224.497 23.03 9.957 0 0 0 
659000 1492 592.207 12268.575 23.03 9.957 0 0 0 
660000 1492 592.207 12340.961 23.03 9.957 0 0 0 
661000 1492 592.207 12425.769 23.03 9.957 0 0 0 
662000 1493 813.443 12436.779 32.71 13.5539 0 0 0 
663000 1493 813.443 12456.712 32.71 13.5539 0 0 0 
664000 1493 813.443 12485.995 32.71 13.5539 0 0 0 
665000 1493 813.443 12468.704 32.71 13.5539 0 0 0 
666000 1493 813.443 12475.579 32.71 13.5539 0 0 0 
667000 1493 813.443 12498.475 32.71 13.5539 0 0 0 
668000 1493 813.443 12548.052 32.71 13.5539 0 0 0 
669000 1493 813.443 12583.659 32.71 13.5539 0 0 0 
670000 1493 813.443 12639.121 32.71 13.5539 0 0 0 
671000 1493 813.443 12667.902 32.71 13.5539 0 0 0 
672000 1494 989.254 12708.442 36.718 16.4688 0 0 0 
673000 1494 989.254 12741.246 36.718 16.4688 0 0 0 
674000 1496 1004.473 12747.272 36.63 16.687 0 0 0 
675000 1500 946.035 12807.491 35.124 15.7038 0 0 0 
676000 1504 894.26 12838.442 33.077 14.848 0 0 0 
677000 1507 858.483 12921.936 32.635 14.2546 0 0 0 
678000 1510 825.488 12956.608 31.326 13.7011 0 0 0 
679000 1514 781.113 13033.452 30.294 12.9588 0 0 0 
680000 1517 756.252 13069.142 29.376 12.5157 0 0 0 
681000 1521 719.197 13102.076 27.836 11.8842 0 0 0 
682000 1523 700.61 13163.36 27.425 11.5861 0 0 0 
683000 1526 681.253 13176.562 26.845 11.2555 0 0 0 
684000 1529 665.645 13193.096 25.245 10.996 0 0 0 
685000 1530 666.412 13241.025 24.624 11.001 0 0 0 
686000 1531 675.044 13250.452 25.384 11.1606 0 0 0 
687000 1533 674.32 13263.621 24.714 11.1167 0 0 0 
688000 1537 639.594 13333.347 23.992 10.5571 0 0 0 
689000 1541 609.522 13410.353 23.652 10.093 0 0 0 
690000 1543 593.22 13461.518 23.568 9.8149 0 0 0 
691000 1546 587.07 13505.998 23.045 9.7287 0 0 0 
692000 1547 582.349 13484.529 23.031 9.6662 0 0 0 
693000 1548 591.042 13524.534 22.007 9.8215 0 0 0 
694000 1548 591.042 13473.042 22.007 9.8215 0 0 0 
695000 1550 621.534 13499.45 21.611 10.3741 0 0 0 
696000 1554 594.977 13542.686 20.65 9.9314 0 0 0 
697000 1557 578.531 13596.839 20.425 9.6612 0 0 0 
698000 1557 578.531 13627.145 20.425 9.6612 0 0 0 
699000 1557 578.531 13640.377 20.425 9.6612 0 0 0 
700000 1557 578.531 13677.395 20.425 9.6612 0 0 0 
701000 1557 578.531 13689.283 20.425 9.6612 0 0 0 
702000 1557 578.531 13726.626 20.425 9.6612 0 0 0 
703000 1557 578.531 13773.985 20.425 9.6612 0 0 0 
704000 1559 694.239 13831.525 24.31 11.5442 0 0 0 
705000 1562 670.651 13882.576 23.852 11.1453 0 0 0 
706000 1564 661.154 13904.659 22.866 10.9872 0 0 0 
707000 1564 661.154 13930.133 22.866 10.9872 0 0 0 
708000 1564 661.154 13967.883 22.866 10.9872 0 0 0 
709000 1564 661.154 14004.32 22.866 10.9872 0 0 0 
710000 1566 715.388 14068.284 25.355 11.8931 0 0 0 
711000 1566 715.388 14102.229 25.355 11.8931 0 0 0 
712000 1567 737.621 14098.019 25.728 12.2615 0 0 0 
713000 1570 717.207 14162.658 25.247 11.9107 0 0 0 
714000 1571 708.343 14199.989 25.099 11.7643 0 0 0 
715000 1571 708.343 14245.049 25.099 11.7643 0 0 0 
716000 1572 747.176 14256.402 26.492 12.4067 0 0 0 
717000 1577 699.671 14309.518 24.938 11.6094 0 0 0 
718000 1581 664.659 14373.901 24.229 11.0145 0 0 0 
719000 1583 655.484 14436.502 24.331 10.8775 0 0 0 
720000 1586 637.254 14483.559 23.983 10.5534 0 0 0 
721000 1589 620.597 14540.315 23.702 10.255 0 0 0 
722000 1592 602.589 14574.833 22.885 9.9525 0 0 0 
723000 1595 586.239 14626.657 22.464 9.6732 0 0 0 
724000 1597 577.99 14644.762 21.863 9.5294 0 0 0 
725000 1599 579.894 14694.597 22.047 9.5503 0 0 0 
726000 1600 587.436 14708.063 21.948 9.665 0 0 0 
727000 1602 575.486 14695.165 21.444 9.4769 0 0 0 
728000 1605 570.261 14693.486 19.531 9.3673 0 0 0 
729000 1607 566.799 14688.324 18.514 9.3129 0 0 0 
730000 1610 555.266 14723.486 18.407 9.1275 0 0 0 
731000 1613 534.579 14764.964 18.192 8.7878 0 0 0 
732000 1617 520.07 14814.618 17.705 8.5485 0 0 0 
733000 1619 519.112 14881.517 18.293 8.5277 0 0 0 
734000 1619 519.112 14975.512 18.293 8.5277 0 0 0 
735000 1619 519.112 15042.373 18.293 8.5277 0 0 0 
736000 1619 519.112 15107.867 18.293 8.5277 0 0 0 
737000 1619 519.112 15180.486 18.293 8.5277 0 0 0 
738000 1619 519.112 15231.377 18.293 8.5277 0 0 0 
739000 1619 519.112 15276.06 18.293 8.5277 0 0 0 
740000 1620 647.51 15313.1 26.533 10.6892 0 0 0 
741000 1620 647.51 15341.862 26.533 10.6892 0 0 0 
742000 1620 647.51 15363.105 26.533 10.6892 0 0 0 
743000 1620 647.51 15405.675 26.533 10.6892 0 0 0 
744000 1620 647.51 15434.291 26.533 10.6892 0 0 0 
745000 1620 647.51 15477.353 26.533 10.6892 0 0 0 
746000 1620 647.51 15528.928 26.533 10.6892 0 0 0 
747000 1620 647.51 15573.772 26.533 10.6892 0 0 0 
748000 1620 647.51 15610.092 26.533 10.6892 0 0 0 
749000 1620 647.51 15663.947 26.533 10.6892 0 0 0 
750000 1620 647.51 15741.247 26.533 10.6892 0 0 0 
751000 1620 647.51 15799.676 26.533 10.6892 0 0 0 
752000 1620 647.51 15838.975 26.533 10.6892 0 0 0 
753000 1620 647.51 15873.609 26.533 10.6892 0 0 0 
754000 1622 894.261 15907.36 36.784 14.9308 0 0 0 
755000 1623 882.336 15925.429 36.55 14.7327 0 0 0 
756000 1623 882.336 15964.145 36.55 14.7327 0 0 0 
757000 1623 882.336 15995.447 36.55 14.7327 0 0 0 
758000 1623 882.336 16027.354 36.55 14.7327 0 0 0 
